The system is: Linux - 5.4.0-150-generic - x86_64
Compiling the C compiler identification source file "CMakeCCompilerId.c" succeeded.
Compiler: /home/xiaoxiao/workspace/82228EPC/AV100_82228_EPC_new/compilat_tool/arm-anykav500-linux-uclibcgnueabi/bin/arm-anykav500-linux-uclibcgnueabi-gcc 
Build flags: 
Id flags:  

The output was:
0


Compilation of the C compiler identification source "CMakeCCompilerId.c" produced "a.out"

The C compiler identification is GNU, found in "/home/xiaoxiao/workspace/82228EPC/AV100_82228_EPC_new/build/CMakeFiles/3.10.2/CompilerIdC/a.out"

Compiling the CXX compiler identification source file "CMakeCXXCompilerId.cpp" succeeded.
Compiler: /home/xiaoxiao/workspace/82228EPC/AV100_82228_EPC_new/compilat_tool/arm-anykav500-linux-uclibcgnueabi/bin/arm-anykav500-linux-uclibcgnueabi-g++ 
Build flags: 
Id flags:  

The output was:
0


Compilation of the CXX compiler identification source "CMakeCXXCompilerId.cpp" produced "a.out"

The CXX compiler identification is GNU, found in "/home/xiaoxiao/workspace/82228EPC/AV100_82228_EPC_new/build/CMakeFiles/3.10.2/CompilerIdCXX/a.out"

Determining if the C compiler works passed with the following output:
Change Dir: /home/xiaoxiao/workspace/82228EPC/AV100_82228_EPC_new/build/CMakeFiles/CMakeTmp

Run Build Command:"/usr/bin/make" "cmTC_b35ae/fast"
/usr/bin/make -f CMakeFiles/cmTC_b35ae.dir/build.make CMakeFiles/cmTC_b35ae.dir/build
make[1]: 进入目录“/home/xiaoxiao/workspace/82228EPC/AV100_82228_EPC_new/build/CMakeFiles/CMakeTmp”
Building C object CMakeFiles/cmTC_b35ae.dir/testCCompiler.c.o
/home/xiaoxiao/workspace/82228EPC/AV100_82228_EPC_new/compilat_tool/arm-anykav500-linux-uclibcgnueabi/bin/arm-anykav500-linux-uclibcgnueabi-gcc    -o CMakeFiles/cmTC_b35ae.dir/testCCompiler.c.o   -c /home/xiaoxiao/workspace/82228EPC/AV100_82228_EPC_new/build/CMakeFiles/CMakeTmp/testCCompiler.c
Linking C executable cmTC_b35ae
/usr/bin/cmake -E cmake_link_script CMakeFiles/cmTC_b35ae.dir/link.txt --verbose=1
/home/xiaoxiao/workspace/82228EPC/AV100_82228_EPC_new/compilat_tool/arm-anykav500-linux-uclibcgnueabi/bin/arm-anykav500-linux-uclibcgnueabi-gcc      CMakeFiles/cmTC_b35ae.dir/testCCompiler.c.o  -o cmTC_b35ae 
make[1]: 离开目录“/home/xiaoxiao/workspace/82228EPC/AV100_82228_EPC_new/build/CMakeFiles/CMakeTmp”


Detecting C compiler ABI info compiled with the following output:
Change Dir: /home/xiaoxiao/workspace/82228EPC/AV100_82228_EPC_new/build/CMakeFiles/CMakeTmp

Run Build Command:"/usr/bin/make" "cmTC_69a28/fast"
/usr/bin/make -f CMakeFiles/cmTC_69a28.dir/build.make CMakeFiles/cmTC_69a28.dir/build
make[1]: 进入目录“/home/xiaoxiao/workspace/82228EPC/AV100_82228_EPC_new/build/CMakeFiles/CMakeTmp”
Building C object CMakeFiles/cmTC_69a28.dir/CMakeCCompilerABI.c.o
/home/xiaoxiao/workspace/82228EPC/AV100_82228_EPC_new/compilat_tool/arm-anykav500-linux-uclibcgnueabi/bin/arm-anykav500-linux-uclibcgnueabi-gcc    -o CMakeFiles/cmTC_69a28.dir/CMakeCCompilerABI.c.o   -c /usr/share/cmake-3.10/Modules/CMakeCCompilerABI.c
Linking C executable cmTC_69a28
/usr/bin/cmake -E cmake_link_script CMakeFiles/cmTC_69a28.dir/link.txt --verbose=1
/home/xiaoxiao/workspace/82228EPC/AV100_82228_EPC_new/compilat_tool/arm-anykav500-linux-uclibcgnueabi/bin/arm-anykav500-linux-uclibcgnueabi-gcc     -v CMakeFiles/cmTC_69a28.dir/CMakeCCompilerABI.c.o  -o cmTC_69a28 
使用内建 specs。
COLLECT_GCC=/home/xiaoxiao/workspace/82228EPC/AV100_82228_EPC_new/compilat_tool/arm-anykav500-linux-uclibcgnueabi/bin/arm-anykav500-linux-uclibcgnueabi-gcc.br_real
COLLECT_LTO_WRAPPER=/home/xiaoxiao/workspace/82228EPC/AV100_82228_EPC_new/compilat_tool/arm-anykav500-linux-uclibcgnueabi/bin/../libexec/gcc/arm-anykav500-linux-uclibcgnueabi/4.9.4/lto-wrapper
目标：arm-anykav500-linux-uclibcgnueabi
配置为：./configure --prefix=/home/leihaitao/nfs/project/buildroot/buildroot.stable/arm-anykav500-linux-uclibcgnueabi --sysconfdir=/home/leihaitao/nfs/project/buildroot/buildroot.stable/arm-anykav500-linux-uclibcgnueabi/etc --enable-static --target=arm-anykav500-linux-uclibcgnueabi --with-sysroot=/home/leihaitao/nfs/project/buildroot/buildroot.stable/arm-anykav500-linux-uclibcgnueabi/arm-anykav500-linux-uclibcgnueabi/sysroot --disable-__cxa_atexit --with-gnu-ld --disable-multilib --with-gmp=/home/leihaitao/nfs/project/buildroot/buildroot.stable/arm-anykav500-linux-uclibcgnueabi --with-mpc=/home/leihaitao/nfs/project/buildroot/buildroot.stable/arm-anykav500-linux-uclibcgnueabi --with-mpfr=/home/leihaitao/nfs/project/buildroot/buildroot.stable/arm-anykav500-linux-uclibcgnueabi --with-pkgversion='Buildroot 2018.02.7_V1.0.05-gec2d034' --with-bugurl=http://bugs.buildroot.net/ --disable-libquadmath --disable-libsanitizer --enable-tls --disable-libmudflap --enable-threads --without-isl --without-cloog --with-float=soft --disable-decimal-float --with-abi=aapcs-linux --with-cpu=arm926ej-s --with-float=soft --with-mode=arm --enable-languages=c,c++ --with-build-time-tools=/home/leihaitao/nfs/project/buildroot/buildroot.stable/arm-anykav500-linux-uclibcgnueabi/arm-anykav500-linux-uclibcgnueabi/bin --enable-shared --disable-libgomp --enable-libssp
线程模型：posix
gcc 版本 4.9.4 (Buildroot 2018.02.7_V1.0.05-gec2d034) 
COMPILER_PATH=/home/xiaoxiao/workspace/82228EPC/AV100_82228_EPC_new/compilat_tool/arm-anykav500-linux-uclibcgnueabi/bin/../libexec/gcc/arm-anykav500-linux-uclibcgnueabi/4.9.4/:/home/xiaoxiao/workspace/82228EPC/AV100_82228_EPC_new/compilat_tool/arm-anykav500-linux-uclibcgnueabi/bin/../libexec/gcc/:/home/xiaoxiao/workspace/82228EPC/AV100_82228_EPC_new/compilat_tool/arm-anykav500-linux-uclibcgnueabi/bin/../lib/gcc/arm-anykav500-linux-uclibcgnueabi/4.9.4/../../../../arm-anykav500-linux-uclibcgnueabi/bin/
LIBRARY_PATH=/home/xiaoxiao/workspace/82228EPC/AV100_82228_EPC_new/compilat_tool/arm-anykav500-linux-uclibcgnueabi/bin/../lib/gcc/arm-anykav500-linux-uclibcgnueabi/4.9.4/:/home/xiaoxiao/workspace/82228EPC/AV100_82228_EPC_new/compilat_tool/arm-anykav500-linux-uclibcgnueabi/bin/../lib/gcc/:/home/xiaoxiao/workspace/82228EPC/AV100_82228_EPC_new/compilat_tool/arm-anykav500-linux-uclibcgnueabi/bin/../lib/gcc/arm-anykav500-linux-uclibcgnueabi/4.9.4/../../../../arm-anykav500-linux-uclibcgnueabi/lib/:/home/xiaoxiao/workspace/82228EPC/AV100_82228_EPC_new/compilat_tool/arm-anykav500-linux-uclibcgnueabi/arm-anykav500-linux-uclibcgnueabi/sysroot/lib/:/home/xiaoxiao/workspace/82228EPC/AV100_82228_EPC_new/compilat_tool/arm-anykav500-linux-uclibcgnueabi/arm-anykav500-linux-uclibcgnueabi/sysroot/usr/lib/
COLLECT_GCC_OPTIONS='-v' '-o' 'cmTC_69a28' '-mcpu=arm926ej-s' '-mfloat-abi=soft' '-mabi=aapcs-linux' '-marm' '-mtls-dialect=gnu'
 /home/xiaoxiao/workspace/82228EPC/AV100_82228_EPC_new/compilat_tool/arm-anykav500-linux-uclibcgnueabi/bin/../libexec/gcc/arm-anykav500-linux-uclibcgnueabi/4.9.4/collect2 -plugin /home/xiaoxiao/workspace/82228EPC/AV100_82228_EPC_new/compilat_tool/arm-anykav500-linux-uclibcgnueabi/bin/../libexec/gcc/arm-anykav500-linux-uclibcgnueabi/4.9.4/liblto_plugin.so -plugin-opt=/home/xiaoxiao/workspace/82228EPC/AV100_82228_EPC_new/compilat_tool/arm-anykav500-linux-uclibcgnueabi/bin/../libexec/gcc/arm-anykav500-linux-uclibcgnueabi/4.9.4/lto-wrapper -plugin-opt=-fresolution=/tmp/ccGDSpX2.res -plugin-opt=-pass-through=-lgcc -plugin-opt=-pass-through=-lgcc_s -plugin-opt=-pass-through=-lc -plugin-opt=-pass-through=-lgcc -plugin-opt=-pass-through=-lgcc_s --sysroot=/home/xiaoxiao/workspace/82228EPC/AV100_82228_EPC_new/compilat_tool/arm-anykav500-linux-uclibcgnueabi/arm-anykav500-linux-uclibcgnueabi/sysroot --eh-frame-hdr -dynamic-linker /lib/ld-uClibc.so.0 -X -m armelf_linux_eabi -o cmTC_69a28 /home/xiaoxiao/workspace/82228EPC/AV100_82228_EPC_new/compilat_tool/arm-anykav500-linux-uclibcgnueabi/arm-anykav500-linux-uclibcgnueabi/sysroot/usr/lib/crt1.o /home/xiaoxiao/workspace/82228EPC/AV100_82228_EPC_new/compilat_tool/arm-anykav500-linux-uclibcgnueabi/arm-anykav500-linux-uclibcgnueabi/sysroot/usr/lib/crti.o /home/xiaoxiao/workspace/82228EPC/AV100_82228_EPC_new/compilat_tool/arm-anykav500-linux-uclibcgnueabi/bin/../lib/gcc/arm-anykav500-linux-uclibcgnueabi/4.9.4/crtbegin.o -L/home/xiaoxiao/workspace/82228EPC/AV100_82228_EPC_new/compilat_tool/arm-anykav500-linux-uclibcgnueabi/bin/../lib/gcc/arm-anykav500-linux-uclibcgnueabi/4.9.4 -L/home/xiaoxiao/workspace/82228EPC/AV100_82228_EPC_new/compilat_tool/arm-anykav500-linux-uclibcgnueabi/bin/../lib/gcc -L/home/xiaoxiao/workspace/82228EPC/AV100_82228_EPC_new/compilat_tool/arm-anykav500-linux-uclibcgnueabi/bin/../lib/gcc/arm-anykav500-linux-uclibcgnueabi/4.9.4/../../../../arm-anykav500-linux-uclibcgnueabi/lib -L/home/xiaoxiao/workspace/82228EPC/AV100_82228_EPC_new/compilat_tool/arm-anykav500-linux-uclibcgnueabi/arm-anykav500-linux-uclibcgnueabi/sysroot/lib -L/home/xiaoxiao/workspace/82228EPC/AV100_82228_EPC_new/compilat_tool/arm-anykav500-linux-uclibcgnueabi/arm-anykav500-linux-uclibcgnueabi/sysroot/usr/lib CMakeFiles/cmTC_69a28.dir/CMakeCCompilerABI.c.o -lgcc --as-needed -lgcc_s --no-as-needed -lc -lgcc --as-needed -lgcc_s --no-as-needed /home/xiaoxiao/workspace/82228EPC/AV100_82228_EPC_new/compilat_tool/arm-anykav500-linux-uclibcgnueabi/bin/../lib/gcc/arm-anykav500-linux-uclibcgnueabi/4.9.4/crtend.o /home/xiaoxiao/workspace/82228EPC/AV100_82228_EPC_new/compilat_tool/arm-anykav500-linux-uclibcgnueabi/arm-anykav500-linux-uclibcgnueabi/sysroot/usr/lib/crtn.o
make[1]: 离开目录“/home/xiaoxiao/workspace/82228EPC/AV100_82228_EPC_new/build/CMakeFiles/CMakeTmp”


Parsed C implicit link information from above output:
  link line regex: [^( *|.*[/\])(ld|CMAKE_LINK_STARTFILE-NOTFOUND|([^/\]+-)?ld|collect2)[^/\]*( |$)]
  ignore line: [Change Dir: /home/xiaoxiao/workspace/82228EPC/AV100_82228_EPC_new/build/CMakeFiles/CMakeTmp]
  ignore line: []
  ignore line: [Run Build Command:"/usr/bin/make" "cmTC_69a28/fast"]
  ignore line: [/usr/bin/make -f CMakeFiles/cmTC_69a28.dir/build.make CMakeFiles/cmTC_69a28.dir/build]
  ignore line: [make[1]: 进入目录“/home/xiaoxiao/workspace/82228EPC/AV100_82228_EPC_new/build/CMakeFiles/CMakeTmp”]
  ignore line: [Building C object CMakeFiles/cmTC_69a28.dir/CMakeCCompilerABI.c.o]
  ignore line: [/home/xiaoxiao/workspace/82228EPC/AV100_82228_EPC_new/compilat_tool/arm-anykav500-linux-uclibcgnueabi/bin/arm-anykav500-linux-uclibcgnueabi-gcc    -o CMakeFiles/cmTC_69a28.dir/CMakeCCompilerABI.c.o   -c /usr/share/cmake-3.10/Modules/CMakeCCompilerABI.c]
  ignore line: [Linking C executable cmTC_69a28]
  ignore line: [/usr/bin/cmake -E cmake_link_script CMakeFiles/cmTC_69a28.dir/link.txt --verbose=1]
  ignore line: [/home/xiaoxiao/workspace/82228EPC/AV100_82228_EPC_new/compilat_tool/arm-anykav500-linux-uclibcgnueabi/bin/arm-anykav500-linux-uclibcgnueabi-gcc     -v CMakeFiles/cmTC_69a28.dir/CMakeCCompilerABI.c.o  -o cmTC_69a28 ]
  ignore line: [使用内建 specs。]
  ignore line: [COLLECT_GCC=/home/xiaoxiao/workspace/82228EPC/AV100_82228_EPC_new/compilat_tool/arm-anykav500-linux-uclibcgnueabi/bin/arm-anykav500-linux-uclibcgnueabi-gcc.br_real]
  ignore line: [COLLECT_LTO_WRAPPER=/home/xiaoxiao/workspace/82228EPC/AV100_82228_EPC_new/compilat_tool/arm-anykav500-linux-uclibcgnueabi/bin/../libexec/gcc/arm-anykav500-linux-uclibcgnueabi/4.9.4/lto-wrapper]
  ignore line: [目标：arm-anykav500-linux-uclibcgnueabi]
  ignore line: [配置为：./configure --prefix=/home/leihaitao/nfs/project/buildroot/buildroot.stable/arm-anykav500-linux-uclibcgnueabi --sysconfdir=/home/leihaitao/nfs/project/buildroot/buildroot.stable/arm-anykav500-linux-uclibcgnueabi/etc --enable-static --target=arm-anykav500-linux-uclibcgnueabi --with-sysroot=/home/leihaitao/nfs/project/buildroot/buildroot.stable/arm-anykav500-linux-uclibcgnueabi/arm-anykav500-linux-uclibcgnueabi/sysroot --disable-__cxa_atexit --with-gnu-ld --disable-multilib --with-gmp=/home/leihaitao/nfs/project/buildroot/buildroot.stable/arm-anykav500-linux-uclibcgnueabi --with-mpc=/home/leihaitao/nfs/project/buildroot/buildroot.stable/arm-anykav500-linux-uclibcgnueabi --with-mpfr=/home/leihaitao/nfs/project/buildroot/buildroot.stable/arm-anykav500-linux-uclibcgnueabi --with-pkgversion='Buildroot 2018.02.7_V1.0.05-gec2d034' --with-bugurl=http://bugs.buildroot.net/ --disable-libquadmath --disable-libsanitizer --enable-tls --disable-libmudflap --enable-threads --without-isl --without-cloog --with-float=soft --disable-decimal-float --with-abi=aapcs-linux --with-cpu=arm926ej-s --with-float=soft --with-mode=arm --enable-languages=c,c++ --with-build-time-tools=/home/leihaitao/nfs/project/buildroot/buildroot.stable/arm-anykav500-linux-uclibcgnueabi/arm-anykav500-linux-uclibcgnueabi/bin --enable-shared --disable-libgomp --enable-libssp]
  ignore line: [线程模型：posix]
  ignore line: [gcc 版本 4.9.4 (Buildroot 2018.02.7_V1.0.05-gec2d034) ]
  ignore line: [COMPILER_PATH=/home/xiaoxiao/workspace/82228EPC/AV100_82228_EPC_new/compilat_tool/arm-anykav500-linux-uclibcgnueabi/bin/../libexec/gcc/arm-anykav500-linux-uclibcgnueabi/4.9.4/:/home/xiaoxiao/workspace/82228EPC/AV100_82228_EPC_new/compilat_tool/arm-anykav500-linux-uclibcgnueabi/bin/../libexec/gcc/:/home/xiaoxiao/workspace/82228EPC/AV100_82228_EPC_new/compilat_tool/arm-anykav500-linux-uclibcgnueabi/bin/../lib/gcc/arm-anykav500-linux-uclibcgnueabi/4.9.4/../../../../arm-anykav500-linux-uclibcgnueabi/bin/]
  ignore line: [LIBRARY_PATH=/home/xiaoxiao/workspace/82228EPC/AV100_82228_EPC_new/compilat_tool/arm-anykav500-linux-uclibcgnueabi/bin/../lib/gcc/arm-anykav500-linux-uclibcgnueabi/4.9.4/:/home/xiaoxiao/workspace/82228EPC/AV100_82228_EPC_new/compilat_tool/arm-anykav500-linux-uclibcgnueabi/bin/../lib/gcc/:/home/xiaoxiao/workspace/82228EPC/AV100_82228_EPC_new/compilat_tool/arm-anykav500-linux-uclibcgnueabi/bin/../lib/gcc/arm-anykav500-linux-uclibcgnueabi/4.9.4/../../../../arm-anykav500-linux-uclibcgnueabi/lib/:/home/xiaoxiao/workspace/82228EPC/AV100_82228_EPC_new/compilat_tool/arm-anykav500-linux-uclibcgnueabi/arm-anykav500-linux-uclibcgnueabi/sysroot/lib/:/home/xiaoxiao/workspace/82228EPC/AV100_82228_EPC_new/compilat_tool/arm-anykav500-linux-uclibcgnueabi/arm-anykav500-linux-uclibcgnueabi/sysroot/usr/lib/]
  ignore line: [COLLECT_GCC_OPTIONS='-v' '-o' 'cmTC_69a28' '-mcpu=arm926ej-s' '-mfloat-abi=soft' '-mabi=aapcs-linux' '-marm' '-mtls-dialect=gnu']
  link line: [ /home/xiaoxiao/workspace/82228EPC/AV100_82228_EPC_new/compilat_tool/arm-anykav500-linux-uclibcgnueabi/bin/../libexec/gcc/arm-anykav500-linux-uclibcgnueabi/4.9.4/collect2 -plugin /home/xiaoxiao/workspace/82228EPC/AV100_82228_EPC_new/compilat_tool/arm-anykav500-linux-uclibcgnueabi/bin/../libexec/gcc/arm-anykav500-linux-uclibcgnueabi/4.9.4/liblto_plugin.so -plugin-opt=/home/xiaoxiao/workspace/82228EPC/AV100_82228_EPC_new/compilat_tool/arm-anykav500-linux-uclibcgnueabi/bin/../libexec/gcc/arm-anykav500-linux-uclibcgnueabi/4.9.4/lto-wrapper -plugin-opt=-fresolution=/tmp/ccGDSpX2.res -plugin-opt=-pass-through=-lgcc -plugin-opt=-pass-through=-lgcc_s -plugin-opt=-pass-through=-lc -plugin-opt=-pass-through=-lgcc -plugin-opt=-pass-through=-lgcc_s --sysroot=/home/xiaoxiao/workspace/82228EPC/AV100_82228_EPC_new/compilat_tool/arm-anykav500-linux-uclibcgnueabi/arm-anykav500-linux-uclibcgnueabi/sysroot --eh-frame-hdr -dynamic-linker /lib/ld-uClibc.so.0 -X -m armelf_linux_eabi -o cmTC_69a28 /home/xiaoxiao/workspace/82228EPC/AV100_82228_EPC_new/compilat_tool/arm-anykav500-linux-uclibcgnueabi/arm-anykav500-linux-uclibcgnueabi/sysroot/usr/lib/crt1.o /home/xiaoxiao/workspace/82228EPC/AV100_82228_EPC_new/compilat_tool/arm-anykav500-linux-uclibcgnueabi/arm-anykav500-linux-uclibcgnueabi/sysroot/usr/lib/crti.o /home/xiaoxiao/workspace/82228EPC/AV100_82228_EPC_new/compilat_tool/arm-anykav500-linux-uclibcgnueabi/bin/../lib/gcc/arm-anykav500-linux-uclibcgnueabi/4.9.4/crtbegin.o -L/home/xiaoxiao/workspace/82228EPC/AV100_82228_EPC_new/compilat_tool/arm-anykav500-linux-uclibcgnueabi/bin/../lib/gcc/arm-anykav500-linux-uclibcgnueabi/4.9.4 -L/home/xiaoxiao/workspace/82228EPC/AV100_82228_EPC_new/compilat_tool/arm-anykav500-linux-uclibcgnueabi/bin/../lib/gcc -L/home/xiaoxiao/workspace/82228EPC/AV100_82228_EPC_new/compilat_tool/arm-anykav500-linux-uclibcgnueabi/bin/../lib/gcc/arm-anykav500-linux-uclibcgnueabi/4.9.4/../../../../arm-anykav500-linux-uclibcgnueabi/lib -L/home/xiaoxiao/workspace/82228EPC/AV100_82228_EPC_new/compilat_tool/arm-anykav500-linux-uclibcgnueabi/arm-anykav500-linux-uclibcgnueabi/sysroot/lib -L/home/xiaoxiao/workspace/82228EPC/AV100_82228_EPC_new/compilat_tool/arm-anykav500-linux-uclibcgnueabi/arm-anykav500-linux-uclibcgnueabi/sysroot/usr/lib CMakeFiles/cmTC_69a28.dir/CMakeCCompilerABI.c.o -lgcc --as-needed -lgcc_s --no-as-needed -lc -lgcc --as-needed -lgcc_s --no-as-needed /home/xiaoxiao/workspace/82228EPC/AV100_82228_EPC_new/compilat_tool/arm-anykav500-linux-uclibcgnueabi/bin/../lib/gcc/arm-anykav500-linux-uclibcgnueabi/4.9.4/crtend.o /home/xiaoxiao/workspace/82228EPC/AV100_82228_EPC_new/compilat_tool/arm-anykav500-linux-uclibcgnueabi/arm-anykav500-linux-uclibcgnueabi/sysroot/usr/lib/crtn.o]
    arg [/home/xiaoxiao/workspace/82228EPC/AV100_82228_EPC_new/compilat_tool/arm-anykav500-linux-uclibcgnueabi/bin/../libexec/gcc/arm-anykav500-linux-uclibcgnueabi/4.9.4/collect2] ==> ignore
    arg [-plugin] ==> ignore
    arg [/home/xiaoxiao/workspace/82228EPC/AV100_82228_EPC_new/compilat_tool/arm-anykav500-linux-uclibcgnueabi/bin/../libexec/gcc/arm-anykav500-linux-uclibcgnueabi/4.9.4/liblto_plugin.so] ==> ignore
    arg [-plugin-opt=/home/xiaoxiao/workspace/82228EPC/AV100_82228_EPC_new/compilat_tool/arm-anykav500-linux-uclibcgnueabi/bin/../libexec/gcc/arm-anykav500-linux-uclibcgnueabi/4.9.4/lto-wrapper] ==> ignore
    arg [-plugin-opt=-fresolution=/tmp/ccGDSpX2.res] ==> ignore
    arg [-plugin-opt=-pass-through=-lgcc] ==> ignore
    arg [-plugin-opt=-pass-through=-lgcc_s] ==> ignore
    arg [-plugin-opt=-pass-through=-lc] ==> ignore
    arg [-plugin-opt=-pass-through=-lgcc] ==> ignore
    arg [-plugin-opt=-pass-through=-lgcc_s] ==> ignore
    arg [--sysroot=/home/xiaoxiao/workspace/82228EPC/AV100_82228_EPC_new/compilat_tool/arm-anykav500-linux-uclibcgnueabi/arm-anykav500-linux-uclibcgnueabi/sysroot] ==> ignore
    arg [--eh-frame-hdr] ==> ignore
    arg [-dynamic-linker] ==> ignore
    arg [/lib/ld-uClibc.so.0] ==> ignore
    arg [-X] ==> ignore
    arg [-m] ==> ignore
    arg [armelf_linux_eabi] ==> ignore
    arg [-o] ==> ignore
    arg [cmTC_69a28] ==> ignore
    arg [/home/xiaoxiao/workspace/82228EPC/AV100_82228_EPC_new/compilat_tool/arm-anykav500-linux-uclibcgnueabi/arm-anykav500-linux-uclibcgnueabi/sysroot/usr/lib/crt1.o] ==> ignore
    arg [/home/xiaoxiao/workspace/82228EPC/AV100_82228_EPC_new/compilat_tool/arm-anykav500-linux-uclibcgnueabi/arm-anykav500-linux-uclibcgnueabi/sysroot/usr/lib/crti.o] ==> ignore
    arg [/home/xiaoxiao/workspace/82228EPC/AV100_82228_EPC_new/compilat_tool/arm-anykav500-linux-uclibcgnueabi/bin/../lib/gcc/arm-anykav500-linux-uclibcgnueabi/4.9.4/crtbegin.o] ==> ignore
    arg [-L/home/xiaoxiao/workspace/82228EPC/AV100_82228_EPC_new/compilat_tool/arm-anykav500-linux-uclibcgnueabi/bin/../lib/gcc/arm-anykav500-linux-uclibcgnueabi/4.9.4] ==> dir [/home/xiaoxiao/workspace/82228EPC/AV100_82228_EPC_new/compilat_tool/arm-anykav500-linux-uclibcgnueabi/bin/../lib/gcc/arm-anykav500-linux-uclibcgnueabi/4.9.4]
    arg [-L/home/xiaoxiao/workspace/82228EPC/AV100_82228_EPC_new/compilat_tool/arm-anykav500-linux-uclibcgnueabi/bin/../lib/gcc] ==> dir [/home/xiaoxiao/workspace/82228EPC/AV100_82228_EPC_new/compilat_tool/arm-anykav500-linux-uclibcgnueabi/bin/../lib/gcc]
    arg [-L/home/xiaoxiao/workspace/82228EPC/AV100_82228_EPC_new/compilat_tool/arm-anykav500-linux-uclibcgnueabi/bin/../lib/gcc/arm-anykav500-linux-uclibcgnueabi/4.9.4/../../../../arm-anykav500-linux-uclibcgnueabi/lib] ==> dir [/home/xiaoxiao/workspace/82228EPC/AV100_82228_EPC_new/compilat_tool/arm-anykav500-linux-uclibcgnueabi/bin/../lib/gcc/arm-anykav500-linux-uclibcgnueabi/4.9.4/../../../../arm-anykav500-linux-uclibcgnueabi/lib]
    arg [-L/home/xiaoxiao/workspace/82228EPC/AV100_82228_EPC_new/compilat_tool/arm-anykav500-linux-uclibcgnueabi/arm-anykav500-linux-uclibcgnueabi/sysroot/lib] ==> dir [/home/xiaoxiao/workspace/82228EPC/AV100_82228_EPC_new/compilat_tool/arm-anykav500-linux-uclibcgnueabi/arm-anykav500-linux-uclibcgnueabi/sysroot/lib]
    arg [-L/home/xiaoxiao/workspace/82228EPC/AV100_82228_EPC_new/compilat_tool/arm-anykav500-linux-uclibcgnueabi/arm-anykav500-linux-uclibcgnueabi/sysroot/usr/lib] ==> dir [/home/xiaoxiao/workspace/82228EPC/AV100_82228_EPC_new/compilat_tool/arm-anykav500-linux-uclibcgnueabi/arm-anykav500-linux-uclibcgnueabi/sysroot/usr/lib]
    arg [CMakeFiles/cmTC_69a28.dir/CMakeCCompilerABI.c.o] ==> ignore
    arg [-lgcc] ==> lib [gcc]
    arg [--as-needed] ==> ignore
    arg [-lgcc_s] ==> lib [gcc_s]
    arg [--no-as-needed] ==> ignore
    arg [-lc] ==> lib [c]
    arg [-lgcc] ==> lib [gcc]
    arg [--as-needed] ==> ignore
    arg [-lgcc_s] ==> lib [gcc_s]
    arg [--no-as-needed] ==> ignore
    arg [/home/xiaoxiao/workspace/82228EPC/AV100_82228_EPC_new/compilat_tool/arm-anykav500-linux-uclibcgnueabi/bin/../lib/gcc/arm-anykav500-linux-uclibcgnueabi/4.9.4/crtend.o] ==> ignore
    arg [/home/xiaoxiao/workspace/82228EPC/AV100_82228_EPC_new/compilat_tool/arm-anykav500-linux-uclibcgnueabi/arm-anykav500-linux-uclibcgnueabi/sysroot/usr/lib/crtn.o] ==> ignore
  collapse library dir [/home/xiaoxiao/workspace/82228EPC/AV100_82228_EPC_new/compilat_tool/arm-anykav500-linux-uclibcgnueabi/bin/../lib/gcc/arm-anykav500-linux-uclibcgnueabi/4.9.4] ==> [/home/xiaoxiao/workspace/82228EPC/AV100_82228_EPC_new/compilat_tool/arm-anykav500-linux-uclibcgnueabi/lib/gcc/arm-anykav500-linux-uclibcgnueabi/4.9.4]
  collapse library dir [/home/xiaoxiao/workspace/82228EPC/AV100_82228_EPC_new/compilat_tool/arm-anykav500-linux-uclibcgnueabi/bin/../lib/gcc] ==> [/home/xiaoxiao/workspace/82228EPC/AV100_82228_EPC_new/compilat_tool/arm-anykav500-linux-uclibcgnueabi/lib/gcc]
  collapse library dir [/home/xiaoxiao/workspace/82228EPC/AV100_82228_EPC_new/compilat_tool/arm-anykav500-linux-uclibcgnueabi/bin/../lib/gcc/arm-anykav500-linux-uclibcgnueabi/4.9.4/../../../../arm-anykav500-linux-uclibcgnueabi/lib] ==> [/home/xiaoxiao/workspace/82228EPC/AV100_82228_EPC_new/compilat_tool/arm-anykav500-linux-uclibcgnueabi/arm-anykav500-linux-uclibcgnueabi/lib]
  collapse library dir [/home/xiaoxiao/workspace/82228EPC/AV100_82228_EPC_new/compilat_tool/arm-anykav500-linux-uclibcgnueabi/arm-anykav500-linux-uclibcgnueabi/sysroot/lib] ==> [/home/xiaoxiao/workspace/82228EPC/AV100_82228_EPC_new/compilat_tool/arm-anykav500-linux-uclibcgnueabi/arm-anykav500-linux-uclibcgnueabi/sysroot/lib]
  collapse library dir [/home/xiaoxiao/workspace/82228EPC/AV100_82228_EPC_new/compilat_tool/arm-anykav500-linux-uclibcgnueabi/arm-anykav500-linux-uclibcgnueabi/sysroot/usr/lib] ==> [/home/xiaoxiao/workspace/82228EPC/AV100_82228_EPC_new/compilat_tool/arm-anykav500-linux-uclibcgnueabi/arm-anykav500-linux-uclibcgnueabi/sysroot/usr/lib]
  implicit libs: [gcc;gcc_s;c;gcc;gcc_s]
  implicit dirs: [/home/xiaoxiao/workspace/82228EPC/AV100_82228_EPC_new/compilat_tool/arm-anykav500-linux-uclibcgnueabi/lib/gcc/arm-anykav500-linux-uclibcgnueabi/4.9.4;/home/xiaoxiao/workspace/82228EPC/AV100_82228_EPC_new/compilat_tool/arm-anykav500-linux-uclibcgnueabi/lib/gcc;/home/xiaoxiao/workspace/82228EPC/AV100_82228_EPC_new/compilat_tool/arm-anykav500-linux-uclibcgnueabi/arm-anykav500-linux-uclibcgnueabi/lib;/home/xiaoxiao/workspace/82228EPC/AV100_82228_EPC_new/compilat_tool/arm-anykav500-linux-uclibcgnueabi/arm-anykav500-linux-uclibcgnueabi/sysroot/lib;/home/xiaoxiao/workspace/82228EPC/AV100_82228_EPC_new/compilat_tool/arm-anykav500-linux-uclibcgnueabi/arm-anykav500-linux-uclibcgnueabi/sysroot/usr/lib]
  implicit fwks: []




Detecting C [-std=c11] compiler features compiled with the following output:
Change Dir: /home/xiaoxiao/workspace/82228EPC/AV100_82228_EPC_new/build/CMakeFiles/CMakeTmp

Run Build Command:"/usr/bin/make" "cmTC_3fe6e/fast"
/usr/bin/make -f CMakeFiles/cmTC_3fe6e.dir/build.make CMakeFiles/cmTC_3fe6e.dir/build
make[1]: 进入目录“/home/xiaoxiao/workspace/82228EPC/AV100_82228_EPC_new/build/CMakeFiles/CMakeTmp”
Building C object CMakeFiles/cmTC_3fe6e.dir/feature_tests.c.o
/home/xiaoxiao/workspace/82228EPC/AV100_82228_EPC_new/compilat_tool/arm-anykav500-linux-uclibcgnueabi/bin/arm-anykav500-linux-uclibcgnueabi-gcc   -std=c11 -o CMakeFiles/cmTC_3fe6e.dir/feature_tests.c.o   -c /home/xiaoxiao/workspace/82228EPC/AV100_82228_EPC_new/build/CMakeFiles/feature_tests.c
Linking C executable cmTC_3fe6e
/usr/bin/cmake -E cmake_link_script CMakeFiles/cmTC_3fe6e.dir/link.txt --verbose=1
/home/xiaoxiao/workspace/82228EPC/AV100_82228_EPC_new/compilat_tool/arm-anykav500-linux-uclibcgnueabi/bin/arm-anykav500-linux-uclibcgnueabi-gcc      CMakeFiles/cmTC_3fe6e.dir/feature_tests.c.o  -o cmTC_3fe6e 
make[1]: 离开目录“/home/xiaoxiao/workspace/82228EPC/AV100_82228_EPC_new/build/CMakeFiles/CMakeTmp”


    Feature record: C_FEATURE:1c_function_prototypes
    Feature record: C_FEATURE:1c_restrict
    Feature record: C_FEATURE:1c_static_assert
    Feature record: C_FEATURE:1c_variadic_macros


Detecting C [-std=c99] compiler features compiled with the following output:
Change Dir: /home/xiaoxiao/workspace/82228EPC/AV100_82228_EPC_new/build/CMakeFiles/CMakeTmp

Run Build Command:"/usr/bin/make" "cmTC_eeca1/fast"
/usr/bin/make -f CMakeFiles/cmTC_eeca1.dir/build.make CMakeFiles/cmTC_eeca1.dir/build
make[1]: 进入目录“/home/xiaoxiao/workspace/82228EPC/AV100_82228_EPC_new/build/CMakeFiles/CMakeTmp”
Building C object CMakeFiles/cmTC_eeca1.dir/feature_tests.c.o
/home/xiaoxiao/workspace/82228EPC/AV100_82228_EPC_new/compilat_tool/arm-anykav500-linux-uclibcgnueabi/bin/arm-anykav500-linux-uclibcgnueabi-gcc   -std=c99 -o CMakeFiles/cmTC_eeca1.dir/feature_tests.c.o   -c /home/xiaoxiao/workspace/82228EPC/AV100_82228_EPC_new/build/CMakeFiles/feature_tests.c
Linking C executable cmTC_eeca1
/usr/bin/cmake -E cmake_link_script CMakeFiles/cmTC_eeca1.dir/link.txt --verbose=1
/home/xiaoxiao/workspace/82228EPC/AV100_82228_EPC_new/compilat_tool/arm-anykav500-linux-uclibcgnueabi/bin/arm-anykav500-linux-uclibcgnueabi-gcc      CMakeFiles/cmTC_eeca1.dir/feature_tests.c.o  -o cmTC_eeca1 
make[1]: 离开目录“/home/xiaoxiao/workspace/82228EPC/AV100_82228_EPC_new/build/CMakeFiles/CMakeTmp”


    Feature record: C_FEATURE:1c_function_prototypes
    Feature record: C_FEATURE:1c_restrict
    Feature record: C_FEATURE:0c_static_assert
    Feature record: C_FEATURE:1c_variadic_macros


Detecting C [-std=c90] compiler features compiled with the following output:
Change Dir: /home/xiaoxiao/workspace/82228EPC/AV100_82228_EPC_new/build/CMakeFiles/CMakeTmp

Run Build Command:"/usr/bin/make" "cmTC_8c05d/fast"
/usr/bin/make -f CMakeFiles/cmTC_8c05d.dir/build.make CMakeFiles/cmTC_8c05d.dir/build
make[1]: 进入目录“/home/xiaoxiao/workspace/82228EPC/AV100_82228_EPC_new/build/CMakeFiles/CMakeTmp”
Building C object CMakeFiles/cmTC_8c05d.dir/feature_tests.c.o
/home/xiaoxiao/workspace/82228EPC/AV100_82228_EPC_new/compilat_tool/arm-anykav500-linux-uclibcgnueabi/bin/arm-anykav500-linux-uclibcgnueabi-gcc   -std=c90 -o CMakeFiles/cmTC_8c05d.dir/feature_tests.c.o   -c /home/xiaoxiao/workspace/82228EPC/AV100_82228_EPC_new/build/CMakeFiles/feature_tests.c
Linking C executable cmTC_8c05d
/usr/bin/cmake -E cmake_link_script CMakeFiles/cmTC_8c05d.dir/link.txt --verbose=1
/home/xiaoxiao/workspace/82228EPC/AV100_82228_EPC_new/compilat_tool/arm-anykav500-linux-uclibcgnueabi/bin/arm-anykav500-linux-uclibcgnueabi-gcc      CMakeFiles/cmTC_8c05d.dir/feature_tests.c.o  -o cmTC_8c05d 
make[1]: 离开目录“/home/xiaoxiao/workspace/82228EPC/AV100_82228_EPC_new/build/CMakeFiles/CMakeTmp”


    Feature record: C_FEATURE:1c_function_prototypes
    Feature record: C_FEATURE:0c_restrict
    Feature record: C_FEATURE:0c_static_assert
    Feature record: C_FEATURE:0c_variadic_macros
Determining if the CXX compiler works passed with the following output:
Change Dir: /home/xiaoxiao/workspace/82228EPC/AV100_82228_EPC_new/build/CMakeFiles/CMakeTmp

Run Build Command:"/usr/bin/make" "cmTC_b0da2/fast"
/usr/bin/make -f CMakeFiles/cmTC_b0da2.dir/build.make CMakeFiles/cmTC_b0da2.dir/build
make[1]: 进入目录“/home/xiaoxiao/workspace/82228EPC/AV100_82228_EPC_new/build/CMakeFiles/CMakeTmp”
Building CXX object CMakeFiles/cmTC_b0da2.dir/testCXXCompiler.cxx.o
/home/xiaoxiao/workspace/82228EPC/AV100_82228_EPC_new/compilat_tool/arm-anykav500-linux-uclibcgnueabi/bin/arm-anykav500-linux-uclibcgnueabi-g++     -o CMakeFiles/cmTC_b0da2.dir/testCXXCompiler.cxx.o -c /home/xiaoxiao/workspace/82228EPC/AV100_82228_EPC_new/build/CMakeFiles/CMakeTmp/testCXXCompiler.cxx
Linking CXX executable cmTC_b0da2
/usr/bin/cmake -E cmake_link_script CMakeFiles/cmTC_b0da2.dir/link.txt --verbose=1
/home/xiaoxiao/workspace/82228EPC/AV100_82228_EPC_new/compilat_tool/arm-anykav500-linux-uclibcgnueabi/bin/arm-anykav500-linux-uclibcgnueabi-g++       CMakeFiles/cmTC_b0da2.dir/testCXXCompiler.cxx.o  -o cmTC_b0da2 
make[1]: 离开目录“/home/xiaoxiao/workspace/82228EPC/AV100_82228_EPC_new/build/CMakeFiles/CMakeTmp”


Detecting CXX compiler ABI info compiled with the following output:
Change Dir: /home/xiaoxiao/workspace/82228EPC/AV100_82228_EPC_new/build/CMakeFiles/CMakeTmp

Run Build Command:"/usr/bin/make" "cmTC_2dfcd/fast"
/usr/bin/make -f CMakeFiles/cmTC_2dfcd.dir/build.make CMakeFiles/cmTC_2dfcd.dir/build
make[1]: 进入目录“/home/xiaoxiao/workspace/82228EPC/AV100_82228_EPC_new/build/CMakeFiles/CMakeTmp”
Building CXX object CMakeFiles/cmTC_2dfcd.dir/CMakeCXXCompilerABI.cpp.o
/home/xiaoxiao/workspace/82228EPC/AV100_82228_EPC_new/compilat_tool/arm-anykav500-linux-uclibcgnueabi/bin/arm-anykav500-linux-uclibcgnueabi-g++     -o CMakeFiles/cmTC_2dfcd.dir/CMakeCXXCompilerABI.cpp.o -c /usr/share/cmake-3.10/Modules/CMakeCXXCompilerABI.cpp
Linking CXX executable cmTC_2dfcd
/usr/bin/cmake -E cmake_link_script CMakeFiles/cmTC_2dfcd.dir/link.txt --verbose=1
/home/xiaoxiao/workspace/82228EPC/AV100_82228_EPC_new/compilat_tool/arm-anykav500-linux-uclibcgnueabi/bin/arm-anykav500-linux-uclibcgnueabi-g++      -v CMakeFiles/cmTC_2dfcd.dir/CMakeCXXCompilerABI.cpp.o  -o cmTC_2dfcd 
使用内建 specs。
COLLECT_GCC=/home/xiaoxiao/workspace/82228EPC/AV100_82228_EPC_new/compilat_tool/arm-anykav500-linux-uclibcgnueabi/bin/arm-anykav500-linux-uclibcgnueabi-g++.br_real
COLLECT_LTO_WRAPPER=/home/xiaoxiao/workspace/82228EPC/AV100_82228_EPC_new/compilat_tool/arm-anykav500-linux-uclibcgnueabi/bin/../libexec/gcc/arm-anykav500-linux-uclibcgnueabi/4.9.4/lto-wrapper
目标：arm-anykav500-linux-uclibcgnueabi
配置为：./configure --prefix=/home/leihaitao/nfs/project/buildroot/buildroot.stable/arm-anykav500-linux-uclibcgnueabi --sysconfdir=/home/leihaitao/nfs/project/buildroot/buildroot.stable/arm-anykav500-linux-uclibcgnueabi/etc --enable-static --target=arm-anykav500-linux-uclibcgnueabi --with-sysroot=/home/leihaitao/nfs/project/buildroot/buildroot.stable/arm-anykav500-linux-uclibcgnueabi/arm-anykav500-linux-uclibcgnueabi/sysroot --disable-__cxa_atexit --with-gnu-ld --disable-multilib --with-gmp=/home/leihaitao/nfs/project/buildroot/buildroot.stable/arm-anykav500-linux-uclibcgnueabi --with-mpc=/home/leihaitao/nfs/project/buildroot/buildroot.stable/arm-anykav500-linux-uclibcgnueabi --with-mpfr=/home/leihaitao/nfs/project/buildroot/buildroot.stable/arm-anykav500-linux-uclibcgnueabi --with-pkgversion='Buildroot 2018.02.7_V1.0.05-gec2d034' --with-bugurl=http://bugs.buildroot.net/ --disable-libquadmath --disable-libsanitizer --enable-tls --disable-libmudflap --enable-threads --without-isl --without-cloog --with-float=soft --disable-decimal-float --with-abi=aapcs-linux --with-cpu=arm926ej-s --with-float=soft --with-mode=arm --enable-languages=c,c++ --with-build-time-tools=/home/leihaitao/nfs/project/buildroot/buildroot.stable/arm-anykav500-linux-uclibcgnueabi/arm-anykav500-linux-uclibcgnueabi/bin --enable-shared --disable-libgomp --enable-libssp
线程模型：posix
gcc 版本 4.9.4 (Buildroot 2018.02.7_V1.0.05-gec2d034) 
COMPILER_PATH=/home/xiaoxiao/workspace/82228EPC/AV100_82228_EPC_new/compilat_tool/arm-anykav500-linux-uclibcgnueabi/bin/../libexec/gcc/arm-anykav500-linux-uclibcgnueabi/4.9.4/:/home/xiaoxiao/workspace/82228EPC/AV100_82228_EPC_new/compilat_tool/arm-anykav500-linux-uclibcgnueabi/bin/../libexec/gcc/:/home/xiaoxiao/workspace/82228EPC/AV100_82228_EPC_new/compilat_tool/arm-anykav500-linux-uclibcgnueabi/bin/../lib/gcc/arm-anykav500-linux-uclibcgnueabi/4.9.4/../../../../arm-anykav500-linux-uclibcgnueabi/bin/
LIBRARY_PATH=/home/xiaoxiao/workspace/82228EPC/AV100_82228_EPC_new/compilat_tool/arm-anykav500-linux-uclibcgnueabi/bin/../lib/gcc/arm-anykav500-linux-uclibcgnueabi/4.9.4/:/home/xiaoxiao/workspace/82228EPC/AV100_82228_EPC_new/compilat_tool/arm-anykav500-linux-uclibcgnueabi/bin/../lib/gcc/:/home/xiaoxiao/workspace/82228EPC/AV100_82228_EPC_new/compilat_tool/arm-anykav500-linux-uclibcgnueabi/bin/../lib/gcc/arm-anykav500-linux-uclibcgnueabi/4.9.4/../../../../arm-anykav500-linux-uclibcgnueabi/lib/:/home/xiaoxiao/workspace/82228EPC/AV100_82228_EPC_new/compilat_tool/arm-anykav500-linux-uclibcgnueabi/arm-anykav500-linux-uclibcgnueabi/sysroot/lib/:/home/xiaoxiao/workspace/82228EPC/AV100_82228_EPC_new/compilat_tool/arm-anykav500-linux-uclibcgnueabi/arm-anykav500-linux-uclibcgnueabi/sysroot/usr/lib/
COLLECT_GCC_OPTIONS='-v' '-o' 'cmTC_2dfcd' '-shared-libgcc' '-mcpu=arm926ej-s' '-mfloat-abi=soft' '-mabi=aapcs-linux' '-marm' '-mtls-dialect=gnu'
 /home/xiaoxiao/workspace/82228EPC/AV100_82228_EPC_new/compilat_tool/arm-anykav500-linux-uclibcgnueabi/bin/../libexec/gcc/arm-anykav500-linux-uclibcgnueabi/4.9.4/collect2 -plugin /home/xiaoxiao/workspace/82228EPC/AV100_82228_EPC_new/compilat_tool/arm-anykav500-linux-uclibcgnueabi/bin/../libexec/gcc/arm-anykav500-linux-uclibcgnueabi/4.9.4/liblto_plugin.so -plugin-opt=/home/xiaoxiao/workspace/82228EPC/AV100_82228_EPC_new/compilat_tool/arm-anykav500-linux-uclibcgnueabi/bin/../libexec/gcc/arm-anykav500-linux-uclibcgnueabi/4.9.4/lto-wrapper -plugin-opt=-fresolution=/tmp/ccykoAik.res -plugin-opt=-pass-through=-lgcc_s -plugin-opt=-pass-through=-lgcc -plugin-opt=-pass-through=-lc -plugin-opt=-pass-through=-lgcc_s -plugin-opt=-pass-through=-lgcc --sysroot=/home/xiaoxiao/workspace/82228EPC/AV100_82228_EPC_new/compilat_tool/arm-anykav500-linux-uclibcgnueabi/arm-anykav500-linux-uclibcgnueabi/sysroot --eh-frame-hdr -dynamic-linker /lib/ld-uClibc.so.0 -X -m armelf_linux_eabi -o cmTC_2dfcd /home/xiaoxiao/workspace/82228EPC/AV100_82228_EPC_new/compilat_tool/arm-anykav500-linux-uclibcgnueabi/arm-anykav500-linux-uclibcgnueabi/sysroot/usr/lib/crt1.o /home/xiaoxiao/workspace/82228EPC/AV100_82228_EPC_new/compilat_tool/arm-anykav500-linux-uclibcgnueabi/arm-anykav500-linux-uclibcgnueabi/sysroot/usr/lib/crti.o /home/xiaoxiao/workspace/82228EPC/AV100_82228_EPC_new/compilat_tool/arm-anykav500-linux-uclibcgnueabi/bin/../lib/gcc/arm-anykav500-linux-uclibcgnueabi/4.9.4/crtbegin.o -L/home/xiaoxiao/workspace/82228EPC/AV100_82228_EPC_new/compilat_tool/arm-anykav500-linux-uclibcgnueabi/bin/../lib/gcc/arm-anykav500-linux-uclibcgnueabi/4.9.4 -L/home/xiaoxiao/workspace/82228EPC/AV100_82228_EPC_new/compilat_tool/arm-anykav500-linux-uclibcgnueabi/bin/../lib/gcc -L/home/xiaoxiao/workspace/82228EPC/AV100_82228_EPC_new/compilat_tool/arm-anykav500-linux-uclibcgnueabi/bin/../lib/gcc/arm-anykav500-linux-uclibcgnueabi/4.9.4/../../../../arm-anykav500-linux-uclibcgnueabi/lib -L/home/xiaoxiao/workspace/82228EPC/AV100_82228_EPC_new/compilat_tool/arm-anykav500-linux-uclibcgnueabi/arm-anykav500-linux-uclibcgnueabi/sysroot/lib -L/home/xiaoxiao/workspace/82228EPC/AV100_82228_EPC_new/compilat_tool/arm-anykav500-linux-uclibcgnueabi/arm-anykav500-linux-uclibcgnueabi/sysroot/usr/lib CMakeFiles/cmTC_2dfcd.dir/CMakeCXXCompilerABI.cpp.o -lstdc++ -lm -lgcc_s -lgcc -lc -lgcc_s -lgcc /home/xiaoxiao/workspace/82228EPC/AV100_82228_EPC_new/compilat_tool/arm-anykav500-linux-uclibcgnueabi/bin/../lib/gcc/arm-anykav500-linux-uclibcgnueabi/4.9.4/crtend.o /home/xiaoxiao/workspace/82228EPC/AV100_82228_EPC_new/compilat_tool/arm-anykav500-linux-uclibcgnueabi/arm-anykav500-linux-uclibcgnueabi/sysroot/usr/lib/crtn.o
make[1]: 离开目录“/home/xiaoxiao/workspace/82228EPC/AV100_82228_EPC_new/build/CMakeFiles/CMakeTmp”


Parsed CXX implicit link information from above output:
  link line regex: [^( *|.*[/\])(ld|CMAKE_LINK_STARTFILE-NOTFOUND|([^/\]+-)?ld|collect2)[^/\]*( |$)]
  ignore line: [Change Dir: /home/xiaoxiao/workspace/82228EPC/AV100_82228_EPC_new/build/CMakeFiles/CMakeTmp]
  ignore line: []
  ignore line: [Run Build Command:"/usr/bin/make" "cmTC_2dfcd/fast"]
  ignore line: [/usr/bin/make -f CMakeFiles/cmTC_2dfcd.dir/build.make CMakeFiles/cmTC_2dfcd.dir/build]
  ignore line: [make[1]: 进入目录“/home/xiaoxiao/workspace/82228EPC/AV100_82228_EPC_new/build/CMakeFiles/CMakeTmp”]
  ignore line: [Building CXX object CMakeFiles/cmTC_2dfcd.dir/CMakeCXXCompilerABI.cpp.o]
  ignore line: [/home/xiaoxiao/workspace/82228EPC/AV100_82228_EPC_new/compilat_tool/arm-anykav500-linux-uclibcgnueabi/bin/arm-anykav500-linux-uclibcgnueabi-g++     -o CMakeFiles/cmTC_2dfcd.dir/CMakeCXXCompilerABI.cpp.o -c /usr/share/cmake-3.10/Modules/CMakeCXXCompilerABI.cpp]
  ignore line: [Linking CXX executable cmTC_2dfcd]
  ignore line: [/usr/bin/cmake -E cmake_link_script CMakeFiles/cmTC_2dfcd.dir/link.txt --verbose=1]
  ignore line: [/home/xiaoxiao/workspace/82228EPC/AV100_82228_EPC_new/compilat_tool/arm-anykav500-linux-uclibcgnueabi/bin/arm-anykav500-linux-uclibcgnueabi-g++      -v CMakeFiles/cmTC_2dfcd.dir/CMakeCXXCompilerABI.cpp.o  -o cmTC_2dfcd ]
  ignore line: [使用内建 specs。]
  ignore line: [COLLECT_GCC=/home/xiaoxiao/workspace/82228EPC/AV100_82228_EPC_new/compilat_tool/arm-anykav500-linux-uclibcgnueabi/bin/arm-anykav500-linux-uclibcgnueabi-g++.br_real]
  ignore line: [COLLECT_LTO_WRAPPER=/home/xiaoxiao/workspace/82228EPC/AV100_82228_EPC_new/compilat_tool/arm-anykav500-linux-uclibcgnueabi/bin/../libexec/gcc/arm-anykav500-linux-uclibcgnueabi/4.9.4/lto-wrapper]
  ignore line: [目标：arm-anykav500-linux-uclibcgnueabi]
  ignore line: [配置为：./configure --prefix=/home/leihaitao/nfs/project/buildroot/buildroot.stable/arm-anykav500-linux-uclibcgnueabi --sysconfdir=/home/leihaitao/nfs/project/buildroot/buildroot.stable/arm-anykav500-linux-uclibcgnueabi/etc --enable-static --target=arm-anykav500-linux-uclibcgnueabi --with-sysroot=/home/leihaitao/nfs/project/buildroot/buildroot.stable/arm-anykav500-linux-uclibcgnueabi/arm-anykav500-linux-uclibcgnueabi/sysroot --disable-__cxa_atexit --with-gnu-ld --disable-multilib --with-gmp=/home/leihaitao/nfs/project/buildroot/buildroot.stable/arm-anykav500-linux-uclibcgnueabi --with-mpc=/home/leihaitao/nfs/project/buildroot/buildroot.stable/arm-anykav500-linux-uclibcgnueabi --with-mpfr=/home/leihaitao/nfs/project/buildroot/buildroot.stable/arm-anykav500-linux-uclibcgnueabi --with-pkgversion='Buildroot 2018.02.7_V1.0.05-gec2d034' --with-bugurl=http://bugs.buildroot.net/ --disable-libquadmath --disable-libsanitizer --enable-tls --disable-libmudflap --enable-threads --without-isl --without-cloog --with-float=soft --disable-decimal-float --with-abi=aapcs-linux --with-cpu=arm926ej-s --with-float=soft --with-mode=arm --enable-languages=c,c++ --with-build-time-tools=/home/leihaitao/nfs/project/buildroot/buildroot.stable/arm-anykav500-linux-uclibcgnueabi/arm-anykav500-linux-uclibcgnueabi/bin --enable-shared --disable-libgomp --enable-libssp]
  ignore line: [线程模型：posix]
  ignore line: [gcc 版本 4.9.4 (Buildroot 2018.02.7_V1.0.05-gec2d034) ]
  ignore line: [COMPILER_PATH=/home/xiaoxiao/workspace/82228EPC/AV100_82228_EPC_new/compilat_tool/arm-anykav500-linux-uclibcgnueabi/bin/../libexec/gcc/arm-anykav500-linux-uclibcgnueabi/4.9.4/:/home/xiaoxiao/workspace/82228EPC/AV100_82228_EPC_new/compilat_tool/arm-anykav500-linux-uclibcgnueabi/bin/../libexec/gcc/:/home/xiaoxiao/workspace/82228EPC/AV100_82228_EPC_new/compilat_tool/arm-anykav500-linux-uclibcgnueabi/bin/../lib/gcc/arm-anykav500-linux-uclibcgnueabi/4.9.4/../../../../arm-anykav500-linux-uclibcgnueabi/bin/]
  ignore line: [LIBRARY_PATH=/home/xiaoxiao/workspace/82228EPC/AV100_82228_EPC_new/compilat_tool/arm-anykav500-linux-uclibcgnueabi/bin/../lib/gcc/arm-anykav500-linux-uclibcgnueabi/4.9.4/:/home/xiaoxiao/workspace/82228EPC/AV100_82228_EPC_new/compilat_tool/arm-anykav500-linux-uclibcgnueabi/bin/../lib/gcc/:/home/xiaoxiao/workspace/82228EPC/AV100_82228_EPC_new/compilat_tool/arm-anykav500-linux-uclibcgnueabi/bin/../lib/gcc/arm-anykav500-linux-uclibcgnueabi/4.9.4/../../../../arm-anykav500-linux-uclibcgnueabi/lib/:/home/xiaoxiao/workspace/82228EPC/AV100_82228_EPC_new/compilat_tool/arm-anykav500-linux-uclibcgnueabi/arm-anykav500-linux-uclibcgnueabi/sysroot/lib/:/home/xiaoxiao/workspace/82228EPC/AV100_82228_EPC_new/compilat_tool/arm-anykav500-linux-uclibcgnueabi/arm-anykav500-linux-uclibcgnueabi/sysroot/usr/lib/]
  ignore line: [COLLECT_GCC_OPTIONS='-v' '-o' 'cmTC_2dfcd' '-shared-libgcc' '-mcpu=arm926ej-s' '-mfloat-abi=soft' '-mabi=aapcs-linux' '-marm' '-mtls-dialect=gnu']
  link line: [ /home/xiaoxiao/workspace/82228EPC/AV100_82228_EPC_new/compilat_tool/arm-anykav500-linux-uclibcgnueabi/bin/../libexec/gcc/arm-anykav500-linux-uclibcgnueabi/4.9.4/collect2 -plugin /home/xiaoxiao/workspace/82228EPC/AV100_82228_EPC_new/compilat_tool/arm-anykav500-linux-uclibcgnueabi/bin/../libexec/gcc/arm-anykav500-linux-uclibcgnueabi/4.9.4/liblto_plugin.so -plugin-opt=/home/xiaoxiao/workspace/82228EPC/AV100_82228_EPC_new/compilat_tool/arm-anykav500-linux-uclibcgnueabi/bin/../libexec/gcc/arm-anykav500-linux-uclibcgnueabi/4.9.4/lto-wrapper -plugin-opt=-fresolution=/tmp/ccykoAik.res -plugin-opt=-pass-through=-lgcc_s -plugin-opt=-pass-through=-lgcc -plugin-opt=-pass-through=-lc -plugin-opt=-pass-through=-lgcc_s -plugin-opt=-pass-through=-lgcc --sysroot=/home/xiaoxiao/workspace/82228EPC/AV100_82228_EPC_new/compilat_tool/arm-anykav500-linux-uclibcgnueabi/arm-anykav500-linux-uclibcgnueabi/sysroot --eh-frame-hdr -dynamic-linker /lib/ld-uClibc.so.0 -X -m armelf_linux_eabi -o cmTC_2dfcd /home/xiaoxiao/workspace/82228EPC/AV100_82228_EPC_new/compilat_tool/arm-anykav500-linux-uclibcgnueabi/arm-anykav500-linux-uclibcgnueabi/sysroot/usr/lib/crt1.o /home/xiaoxiao/workspace/82228EPC/AV100_82228_EPC_new/compilat_tool/arm-anykav500-linux-uclibcgnueabi/arm-anykav500-linux-uclibcgnueabi/sysroot/usr/lib/crti.o /home/xiaoxiao/workspace/82228EPC/AV100_82228_EPC_new/compilat_tool/arm-anykav500-linux-uclibcgnueabi/bin/../lib/gcc/arm-anykav500-linux-uclibcgnueabi/4.9.4/crtbegin.o -L/home/xiaoxiao/workspace/82228EPC/AV100_82228_EPC_new/compilat_tool/arm-anykav500-linux-uclibcgnueabi/bin/../lib/gcc/arm-anykav500-linux-uclibcgnueabi/4.9.4 -L/home/xiaoxiao/workspace/82228EPC/AV100_82228_EPC_new/compilat_tool/arm-anykav500-linux-uclibcgnueabi/bin/../lib/gcc -L/home/xiaoxiao/workspace/82228EPC/AV100_82228_EPC_new/compilat_tool/arm-anykav500-linux-uclibcgnueabi/bin/../lib/gcc/arm-anykav500-linux-uclibcgnueabi/4.9.4/../../../../arm-anykav500-linux-uclibcgnueabi/lib -L/home/xiaoxiao/workspace/82228EPC/AV100_82228_EPC_new/compilat_tool/arm-anykav500-linux-uclibcgnueabi/arm-anykav500-linux-uclibcgnueabi/sysroot/lib -L/home/xiaoxiao/workspace/82228EPC/AV100_82228_EPC_new/compilat_tool/arm-anykav500-linux-uclibcgnueabi/arm-anykav500-linux-uclibcgnueabi/sysroot/usr/lib CMakeFiles/cmTC_2dfcd.dir/CMakeCXXCompilerABI.cpp.o -lstdc++ -lm -lgcc_s -lgcc -lc -lgcc_s -lgcc /home/xiaoxiao/workspace/82228EPC/AV100_82228_EPC_new/compilat_tool/arm-anykav500-linux-uclibcgnueabi/bin/../lib/gcc/arm-anykav500-linux-uclibcgnueabi/4.9.4/crtend.o /home/xiaoxiao/workspace/82228EPC/AV100_82228_EPC_new/compilat_tool/arm-anykav500-linux-uclibcgnueabi/arm-anykav500-linux-uclibcgnueabi/sysroot/usr/lib/crtn.o]
    arg [/home/xiaoxiao/workspace/82228EPC/AV100_82228_EPC_new/compilat_tool/arm-anykav500-linux-uclibcgnueabi/bin/../libexec/gcc/arm-anykav500-linux-uclibcgnueabi/4.9.4/collect2] ==> ignore
    arg [-plugin] ==> ignore
    arg [/home/xiaoxiao/workspace/82228EPC/AV100_82228_EPC_new/compilat_tool/arm-anykav500-linux-uclibcgnueabi/bin/../libexec/gcc/arm-anykav500-linux-uclibcgnueabi/4.9.4/liblto_plugin.so] ==> ignore
    arg [-plugin-opt=/home/xiaoxiao/workspace/82228EPC/AV100_82228_EPC_new/compilat_tool/arm-anykav500-linux-uclibcgnueabi/bin/../libexec/gcc/arm-anykav500-linux-uclibcgnueabi/4.9.4/lto-wrapper] ==> ignore
    arg [-plugin-opt=-fresolution=/tmp/ccykoAik.res] ==> ignore
    arg [-plugin-opt=-pass-through=-lgcc_s] ==> ignore
    arg [-plugin-opt=-pass-through=-lgcc] ==> ignore
    arg [-plugin-opt=-pass-through=-lc] ==> ignore
    arg [-plugin-opt=-pass-through=-lgcc_s] ==> ignore
    arg [-plugin-opt=-pass-through=-lgcc] ==> ignore
    arg [--sysroot=/home/xiaoxiao/workspace/82228EPC/AV100_82228_EPC_new/compilat_tool/arm-anykav500-linux-uclibcgnueabi/arm-anykav500-linux-uclibcgnueabi/sysroot] ==> ignore
    arg [--eh-frame-hdr] ==> ignore
    arg [-dynamic-linker] ==> ignore
    arg [/lib/ld-uClibc.so.0] ==> ignore
    arg [-X] ==> ignore
    arg [-m] ==> ignore
    arg [armelf_linux_eabi] ==> ignore
    arg [-o] ==> ignore
    arg [cmTC_2dfcd] ==> ignore
    arg [/home/xiaoxiao/workspace/82228EPC/AV100_82228_EPC_new/compilat_tool/arm-anykav500-linux-uclibcgnueabi/arm-anykav500-linux-uclibcgnueabi/sysroot/usr/lib/crt1.o] ==> ignore
    arg [/home/xiaoxiao/workspace/82228EPC/AV100_82228_EPC_new/compilat_tool/arm-anykav500-linux-uclibcgnueabi/arm-anykav500-linux-uclibcgnueabi/sysroot/usr/lib/crti.o] ==> ignore
    arg [/home/xiaoxiao/workspace/82228EPC/AV100_82228_EPC_new/compilat_tool/arm-anykav500-linux-uclibcgnueabi/bin/../lib/gcc/arm-anykav500-linux-uclibcgnueabi/4.9.4/crtbegin.o] ==> ignore
    arg [-L/home/xiaoxiao/workspace/82228EPC/AV100_82228_EPC_new/compilat_tool/arm-anykav500-linux-uclibcgnueabi/bin/../lib/gcc/arm-anykav500-linux-uclibcgnueabi/4.9.4] ==> dir [/home/xiaoxiao/workspace/82228EPC/AV100_82228_EPC_new/compilat_tool/arm-anykav500-linux-uclibcgnueabi/bin/../lib/gcc/arm-anykav500-linux-uclibcgnueabi/4.9.4]
    arg [-L/home/xiaoxiao/workspace/82228EPC/AV100_82228_EPC_new/compilat_tool/arm-anykav500-linux-uclibcgnueabi/bin/../lib/gcc] ==> dir [/home/xiaoxiao/workspace/82228EPC/AV100_82228_EPC_new/compilat_tool/arm-anykav500-linux-uclibcgnueabi/bin/../lib/gcc]
    arg [-L/home/xiaoxiao/workspace/82228EPC/AV100_82228_EPC_new/compilat_tool/arm-anykav500-linux-uclibcgnueabi/bin/../lib/gcc/arm-anykav500-linux-uclibcgnueabi/4.9.4/../../../../arm-anykav500-linux-uclibcgnueabi/lib] ==> dir [/home/xiaoxiao/workspace/82228EPC/AV100_82228_EPC_new/compilat_tool/arm-anykav500-linux-uclibcgnueabi/bin/../lib/gcc/arm-anykav500-linux-uclibcgnueabi/4.9.4/../../../../arm-anykav500-linux-uclibcgnueabi/lib]
    arg [-L/home/xiaoxiao/workspace/82228EPC/AV100_82228_EPC_new/compilat_tool/arm-anykav500-linux-uclibcgnueabi/arm-anykav500-linux-uclibcgnueabi/sysroot/lib] ==> dir [/home/xiaoxiao/workspace/82228EPC/AV100_82228_EPC_new/compilat_tool/arm-anykav500-linux-uclibcgnueabi/arm-anykav500-linux-uclibcgnueabi/sysroot/lib]
    arg [-L/home/xiaoxiao/workspace/82228EPC/AV100_82228_EPC_new/compilat_tool/arm-anykav500-linux-uclibcgnueabi/arm-anykav500-linux-uclibcgnueabi/sysroot/usr/lib] ==> dir [/home/xiaoxiao/workspace/82228EPC/AV100_82228_EPC_new/compilat_tool/arm-anykav500-linux-uclibcgnueabi/arm-anykav500-linux-uclibcgnueabi/sysroot/usr/lib]
    arg [CMakeFiles/cmTC_2dfcd.dir/CMakeCXXCompilerABI.cpp.o] ==> ignore
    arg [-lstdc++] ==> lib [stdc++]
    arg [-lm] ==> lib [m]
    arg [-lgcc_s] ==> lib [gcc_s]
    arg [-lgcc] ==> lib [gcc]
    arg [-lc] ==> lib [c]
    arg [-lgcc_s] ==> lib [gcc_s]
    arg [-lgcc] ==> lib [gcc]
    arg [/home/xiaoxiao/workspace/82228EPC/AV100_82228_EPC_new/compilat_tool/arm-anykav500-linux-uclibcgnueabi/bin/../lib/gcc/arm-anykav500-linux-uclibcgnueabi/4.9.4/crtend.o] ==> ignore
    arg [/home/xiaoxiao/workspace/82228EPC/AV100_82228_EPC_new/compilat_tool/arm-anykav500-linux-uclibcgnueabi/arm-anykav500-linux-uclibcgnueabi/sysroot/usr/lib/crtn.o] ==> ignore
  collapse library dir [/home/xiaoxiao/workspace/82228EPC/AV100_82228_EPC_new/compilat_tool/arm-anykav500-linux-uclibcgnueabi/bin/../lib/gcc/arm-anykav500-linux-uclibcgnueabi/4.9.4] ==> [/home/xiaoxiao/workspace/82228EPC/AV100_82228_EPC_new/compilat_tool/arm-anykav500-linux-uclibcgnueabi/lib/gcc/arm-anykav500-linux-uclibcgnueabi/4.9.4]
  collapse library dir [/home/xiaoxiao/workspace/82228EPC/AV100_82228_EPC_new/compilat_tool/arm-anykav500-linux-uclibcgnueabi/bin/../lib/gcc] ==> [/home/xiaoxiao/workspace/82228EPC/AV100_82228_EPC_new/compilat_tool/arm-anykav500-linux-uclibcgnueabi/lib/gcc]
  collapse library dir [/home/xiaoxiao/workspace/82228EPC/AV100_82228_EPC_new/compilat_tool/arm-anykav500-linux-uclibcgnueabi/bin/../lib/gcc/arm-anykav500-linux-uclibcgnueabi/4.9.4/../../../../arm-anykav500-linux-uclibcgnueabi/lib] ==> [/home/xiaoxiao/workspace/82228EPC/AV100_82228_EPC_new/compilat_tool/arm-anykav500-linux-uclibcgnueabi/arm-anykav500-linux-uclibcgnueabi/lib]
  collapse library dir [/home/xiaoxiao/workspace/82228EPC/AV100_82228_EPC_new/compilat_tool/arm-anykav500-linux-uclibcgnueabi/arm-anykav500-linux-uclibcgnueabi/sysroot/lib] ==> [/home/xiaoxiao/workspace/82228EPC/AV100_82228_EPC_new/compilat_tool/arm-anykav500-linux-uclibcgnueabi/arm-anykav500-linux-uclibcgnueabi/sysroot/lib]
  collapse library dir [/home/xiaoxiao/workspace/82228EPC/AV100_82228_EPC_new/compilat_tool/arm-anykav500-linux-uclibcgnueabi/arm-anykav500-linux-uclibcgnueabi/sysroot/usr/lib] ==> [/home/xiaoxiao/workspace/82228EPC/AV100_82228_EPC_new/compilat_tool/arm-anykav500-linux-uclibcgnueabi/arm-anykav500-linux-uclibcgnueabi/sysroot/usr/lib]
  implicit libs: [stdc++;m;gcc_s;gcc;c;gcc_s;gcc]
  implicit dirs: [/home/xiaoxiao/workspace/82228EPC/AV100_82228_EPC_new/compilat_tool/arm-anykav500-linux-uclibcgnueabi/lib/gcc/arm-anykav500-linux-uclibcgnueabi/4.9.4;/home/xiaoxiao/workspace/82228EPC/AV100_82228_EPC_new/compilat_tool/arm-anykav500-linux-uclibcgnueabi/lib/gcc;/home/xiaoxiao/workspace/82228EPC/AV100_82228_EPC_new/compilat_tool/arm-anykav500-linux-uclibcgnueabi/arm-anykav500-linux-uclibcgnueabi/lib;/home/xiaoxiao/workspace/82228EPC/AV100_82228_EPC_new/compilat_tool/arm-anykav500-linux-uclibcgnueabi/arm-anykav500-linux-uclibcgnueabi/sysroot/lib;/home/xiaoxiao/workspace/82228EPC/AV100_82228_EPC_new/compilat_tool/arm-anykav500-linux-uclibcgnueabi/arm-anykav500-linux-uclibcgnueabi/sysroot/usr/lib]
  implicit fwks: []




Detecting CXX [-std=c++14] compiler features compiled with the following output:
Change Dir: /home/xiaoxiao/workspace/82228EPC/AV100_82228_EPC_new/build/CMakeFiles/CMakeTmp

Run Build Command:"/usr/bin/make" "cmTC_3fe32/fast"
/usr/bin/make -f CMakeFiles/cmTC_3fe32.dir/build.make CMakeFiles/cmTC_3fe32.dir/build
make[1]: 进入目录“/home/xiaoxiao/workspace/82228EPC/AV100_82228_EPC_new/build/CMakeFiles/CMakeTmp”
Building CXX object CMakeFiles/cmTC_3fe32.dir/feature_tests.cxx.o
/home/xiaoxiao/workspace/82228EPC/AV100_82228_EPC_new/compilat_tool/arm-anykav500-linux-uclibcgnueabi/bin/arm-anykav500-linux-uclibcgnueabi-g++    -std=c++14 -o CMakeFiles/cmTC_3fe32.dir/feature_tests.cxx.o -c /home/xiaoxiao/workspace/82228EPC/AV100_82228_EPC_new/build/CMakeFiles/feature_tests.cxx
Linking CXX executable cmTC_3fe32
/usr/bin/cmake -E cmake_link_script CMakeFiles/cmTC_3fe32.dir/link.txt --verbose=1
/home/xiaoxiao/workspace/82228EPC/AV100_82228_EPC_new/compilat_tool/arm-anykav500-linux-uclibcgnueabi/bin/arm-anykav500-linux-uclibcgnueabi-g++       CMakeFiles/cmTC_3fe32.dir/feature_tests.cxx.o  -o cmTC_3fe32 
make[1]: 离开目录“/home/xiaoxiao/workspace/82228EPC/AV100_82228_EPC_new/build/CMakeFiles/CMakeTmp”


    Feature record: CXX_FEATURE:0cxx_aggregate_default_initializers
    Feature record: CXX_FEATURE:1cxx_alias_templates
    Feature record: CXX_FEATURE:1cxx_alignas
    Feature record: CXX_FEATURE:1cxx_alignof
    Feature record: CXX_FEATURE:1cxx_attributes
    Feature record: CXX_FEATURE:1cxx_attribute_deprecated
    Feature record: CXX_FEATURE:1cxx_auto_type
    Feature record: CXX_FEATURE:1cxx_binary_literals
    Feature record: CXX_FEATURE:1cxx_constexpr
    Feature record: CXX_FEATURE:1cxx_contextual_conversions
    Feature record: CXX_FEATURE:1cxx_decltype
    Feature record: CXX_FEATURE:1cxx_decltype_auto
    Feature record: CXX_FEATURE:1cxx_decltype_incomplete_return_types
    Feature record: CXX_FEATURE:1cxx_default_function_template_args
    Feature record: CXX_FEATURE:1cxx_defaulted_functions
    Feature record: CXX_FEATURE:1cxx_defaulted_move_initializers
    Feature record: CXX_FEATURE:1cxx_delegating_constructors
    Feature record: CXX_FEATURE:1cxx_deleted_functions
    Feature record: CXX_FEATURE:1cxx_digit_separators
    Feature record: CXX_FEATURE:1cxx_enum_forward_declarations
    Feature record: CXX_FEATURE:1cxx_explicit_conversions
    Feature record: CXX_FEATURE:1cxx_extended_friend_declarations
    Feature record: CXX_FEATURE:1cxx_extern_templates
    Feature record: CXX_FEATURE:1cxx_final
    Feature record: CXX_FEATURE:1cxx_func_identifier
    Feature record: CXX_FEATURE:1cxx_generalized_initializers
    Feature record: CXX_FEATURE:1cxx_generic_lambdas
    Feature record: CXX_FEATURE:1cxx_inheriting_constructors
    Feature record: CXX_FEATURE:1cxx_inline_namespaces
    Feature record: CXX_FEATURE:1cxx_lambdas
    Feature record: CXX_FEATURE:1cxx_lambda_init_captures
    Feature record: CXX_FEATURE:1cxx_local_type_template_args
    Feature record: CXX_FEATURE:1cxx_long_long_type
    Feature record: CXX_FEATURE:1cxx_noexcept
    Feature record: CXX_FEATURE:1cxx_nonstatic_member_init
    Feature record: CXX_FEATURE:1cxx_nullptr
    Feature record: CXX_FEATURE:1cxx_override
    Feature record: CXX_FEATURE:1cxx_range_for
    Feature record: CXX_FEATURE:1cxx_raw_string_literals
    Feature record: CXX_FEATURE:1cxx_reference_qualified_functions
    Feature record: CXX_FEATURE:0cxx_relaxed_constexpr
    Feature record: CXX_FEATURE:1cxx_return_type_deduction
    Feature record: CXX_FEATURE:1cxx_right_angle_brackets
    Feature record: CXX_FEATURE:1cxx_rvalue_references
    Feature record: CXX_FEATURE:1cxx_sizeof_member
    Feature record: CXX_FEATURE:1cxx_static_assert
    Feature record: CXX_FEATURE:1cxx_strong_enums
    Feature record: CXX_FEATURE:1cxx_template_template_parameters
    Feature record: CXX_FEATURE:1cxx_thread_local
    Feature record: CXX_FEATURE:1cxx_trailing_return_types
    Feature record: CXX_FEATURE:1cxx_unicode_literals
    Feature record: CXX_FEATURE:1cxx_uniform_initialization
    Feature record: CXX_FEATURE:1cxx_unrestricted_unions
    Feature record: CXX_FEATURE:1cxx_user_literals
    Feature record: CXX_FEATURE:0cxx_variable_templates
    Feature record: CXX_FEATURE:1cxx_variadic_macros
    Feature record: CXX_FEATURE:1cxx_variadic_templates


Detecting CXX [-std=c++11] compiler features compiled with the following output:
Change Dir: /home/xiaoxiao/workspace/82228EPC/AV100_82228_EPC_new/build/CMakeFiles/CMakeTmp

Run Build Command:"/usr/bin/make" "cmTC_854ea/fast"
/usr/bin/make -f CMakeFiles/cmTC_854ea.dir/build.make CMakeFiles/cmTC_854ea.dir/build
make[1]: 进入目录“/home/xiaoxiao/workspace/82228EPC/AV100_82228_EPC_new/build/CMakeFiles/CMakeTmp”
Building CXX object CMakeFiles/cmTC_854ea.dir/feature_tests.cxx.o
/home/xiaoxiao/workspace/82228EPC/AV100_82228_EPC_new/compilat_tool/arm-anykav500-linux-uclibcgnueabi/bin/arm-anykav500-linux-uclibcgnueabi-g++    -std=c++11 -o CMakeFiles/cmTC_854ea.dir/feature_tests.cxx.o -c /home/xiaoxiao/workspace/82228EPC/AV100_82228_EPC_new/build/CMakeFiles/feature_tests.cxx
Linking CXX executable cmTC_854ea
/usr/bin/cmake -E cmake_link_script CMakeFiles/cmTC_854ea.dir/link.txt --verbose=1
/home/xiaoxiao/workspace/82228EPC/AV100_82228_EPC_new/compilat_tool/arm-anykav500-linux-uclibcgnueabi/bin/arm-anykav500-linux-uclibcgnueabi-g++       CMakeFiles/cmTC_854ea.dir/feature_tests.cxx.o  -o cmTC_854ea 
make[1]: 离开目录“/home/xiaoxiao/workspace/82228EPC/AV100_82228_EPC_new/build/CMakeFiles/CMakeTmp”


    Feature record: CXX_FEATURE:0cxx_aggregate_default_initializers
    Feature record: CXX_FEATURE:1cxx_alias_templates
    Feature record: CXX_FEATURE:1cxx_alignas
    Feature record: CXX_FEATURE:1cxx_alignof
    Feature record: CXX_FEATURE:1cxx_attributes
    Feature record: CXX_FEATURE:0cxx_attribute_deprecated
    Feature record: CXX_FEATURE:1cxx_auto_type
    Feature record: CXX_FEATURE:0cxx_binary_literals
    Feature record: CXX_FEATURE:1cxx_constexpr
    Feature record: CXX_FEATURE:0cxx_contextual_conversions
    Feature record: CXX_FEATURE:1cxx_decltype
    Feature record: CXX_FEATURE:0cxx_decltype_auto
    Feature record: CXX_FEATURE:1cxx_decltype_incomplete_return_types
    Feature record: CXX_FEATURE:1cxx_default_function_template_args
    Feature record: CXX_FEATURE:1cxx_defaulted_functions
    Feature record: CXX_FEATURE:1cxx_defaulted_move_initializers
    Feature record: CXX_FEATURE:1cxx_delegating_constructors
    Feature record: CXX_FEATURE:1cxx_deleted_functions
    Feature record: CXX_FEATURE:0cxx_digit_separators
    Feature record: CXX_FEATURE:1cxx_enum_forward_declarations
    Feature record: CXX_FEATURE:1cxx_explicit_conversions
    Feature record: CXX_FEATURE:1cxx_extended_friend_declarations
    Feature record: CXX_FEATURE:1cxx_extern_templates
    Feature record: CXX_FEATURE:1cxx_final
    Feature record: CXX_FEATURE:1cxx_func_identifier
    Feature record: CXX_FEATURE:1cxx_generalized_initializers
    Feature record: CXX_FEATURE:0cxx_generic_lambdas
    Feature record: CXX_FEATURE:1cxx_inheriting_constructors
    Feature record: CXX_FEATURE:1cxx_inline_namespaces
    Feature record: CXX_FEATURE:1cxx_lambdas
    Feature record: CXX_FEATURE:0cxx_lambda_init_captures
    Feature record: CXX_FEATURE:1cxx_local_type_template_args
    Feature record: CXX_FEATURE:1cxx_long_long_type
    Feature record: CXX_FEATURE:1cxx_noexcept
    Feature record: CXX_FEATURE:1cxx_nonstatic_member_init
    Feature record: CXX_FEATURE:1cxx_nullptr
    Feature record: CXX_FEATURE:1cxx_override
    Feature record: CXX_FEATURE:1cxx_range_for
    Feature record: CXX_FEATURE:1cxx_raw_string_literals
    Feature record: CXX_FEATURE:1cxx_reference_qualified_functions
    Feature record: CXX_FEATURE:0cxx_relaxed_constexpr
    Feature record: CXX_FEATURE:0cxx_return_type_deduction
    Feature record: CXX_FEATURE:1cxx_right_angle_brackets
    Feature record: CXX_FEATURE:1cxx_rvalue_references
    Feature record: CXX_FEATURE:1cxx_sizeof_member
    Feature record: CXX_FEATURE:1cxx_static_assert
    Feature record: CXX_FEATURE:1cxx_strong_enums
    Feature record: CXX_FEATURE:1cxx_template_template_parameters
    Feature record: CXX_FEATURE:1cxx_thread_local
    Feature record: CXX_FEATURE:1cxx_trailing_return_types
    Feature record: CXX_FEATURE:1cxx_unicode_literals
    Feature record: CXX_FEATURE:1cxx_uniform_initialization
    Feature record: CXX_FEATURE:1cxx_unrestricted_unions
    Feature record: CXX_FEATURE:1cxx_user_literals
    Feature record: CXX_FEATURE:0cxx_variable_templates
    Feature record: CXX_FEATURE:1cxx_variadic_macros
    Feature record: CXX_FEATURE:1cxx_variadic_templates


Detecting CXX [-std=c++98] compiler features compiled with the following output:
Change Dir: /home/xiaoxiao/workspace/82228EPC/AV100_82228_EPC_new/build/CMakeFiles/CMakeTmp

Run Build Command:"/usr/bin/make" "cmTC_80b63/fast"
/usr/bin/make -f CMakeFiles/cmTC_80b63.dir/build.make CMakeFiles/cmTC_80b63.dir/build
make[1]: 进入目录“/home/xiaoxiao/workspace/82228EPC/AV100_82228_EPC_new/build/CMakeFiles/CMakeTmp”
Building CXX object CMakeFiles/cmTC_80b63.dir/feature_tests.cxx.o
/home/xiaoxiao/workspace/82228EPC/AV100_82228_EPC_new/compilat_tool/arm-anykav500-linux-uclibcgnueabi/bin/arm-anykav500-linux-uclibcgnueabi-g++    -std=c++98 -o CMakeFiles/cmTC_80b63.dir/feature_tests.cxx.o -c /home/xiaoxiao/workspace/82228EPC/AV100_82228_EPC_new/build/CMakeFiles/feature_tests.cxx
Linking CXX executable cmTC_80b63
/usr/bin/cmake -E cmake_link_script CMakeFiles/cmTC_80b63.dir/link.txt --verbose=1
/home/xiaoxiao/workspace/82228EPC/AV100_82228_EPC_new/compilat_tool/arm-anykav500-linux-uclibcgnueabi/bin/arm-anykav500-linux-uclibcgnueabi-g++       CMakeFiles/cmTC_80b63.dir/feature_tests.cxx.o  -o cmTC_80b63 
make[1]: 离开目录“/home/xiaoxiao/workspace/82228EPC/AV100_82228_EPC_new/build/CMakeFiles/CMakeTmp”


    Feature record: CXX_FEATURE:0cxx_aggregate_default_initializers
    Feature record: CXX_FEATURE:0cxx_alias_templates
    Feature record: CXX_FEATURE:0cxx_alignas
    Feature record: CXX_FEATURE:0cxx_alignof
    Feature record: CXX_FEATURE:0cxx_attributes
    Feature record: CXX_FEATURE:0cxx_attribute_deprecated
    Feature record: CXX_FEATURE:0cxx_auto_type
    Feature record: CXX_FEATURE:0cxx_binary_literals
    Feature record: CXX_FEATURE:0cxx_constexpr
    Feature record: CXX_FEATURE:0cxx_contextual_conversions
    Feature record: CXX_FEATURE:0cxx_decltype
    Feature record: CXX_FEATURE:0cxx_decltype_auto
    Feature record: CXX_FEATURE:0cxx_decltype_incomplete_return_types
    Feature record: CXX_FEATURE:0cxx_default_function_template_args
    Feature record: CXX_FEATURE:0cxx_defaulted_functions
    Feature record: CXX_FEATURE:0cxx_defaulted_move_initializers
    Feature record: CXX_FEATURE:0cxx_delegating_constructors
    Feature record: CXX_FEATURE:0cxx_deleted_functions
    Feature record: CXX_FEATURE:0cxx_digit_separators
    Feature record: CXX_FEATURE:0cxx_enum_forward_declarations
    Feature record: CXX_FEATURE:0cxx_explicit_conversions
    Feature record: CXX_FEATURE:0cxx_extended_friend_declarations
    Feature record: CXX_FEATURE:0cxx_extern_templates
    Feature record: CXX_FEATURE:0cxx_final
    Feature record: CXX_FEATURE:0cxx_func_identifier
    Feature record: CXX_FEATURE:0cxx_generalized_initializers
    Feature record: CXX_FEATURE:0cxx_generic_lambdas
    Feature record: CXX_FEATURE:0cxx_inheriting_constructors
    Feature record: CXX_FEATURE:0cxx_inline_namespaces
    Feature record: CXX_FEATURE:0cxx_lambdas
    Feature record: CXX_FEATURE:0cxx_lambda_init_captures
    Feature record: CXX_FEATURE:0cxx_local_type_template_args
    Feature record: CXX_FEATURE:0cxx_long_long_type
    Feature record: CXX_FEATURE:0cxx_noexcept
    Feature record: CXX_FEATURE:0cxx_nonstatic_member_init
    Feature record: CXX_FEATURE:0cxx_nullptr
    Feature record: CXX_FEATURE:0cxx_override
    Feature record: CXX_FEATURE:0cxx_range_for
    Feature record: CXX_FEATURE:0cxx_raw_string_literals
    Feature record: CXX_FEATURE:0cxx_reference_qualified_functions
    Feature record: CXX_FEATURE:0cxx_relaxed_constexpr
    Feature record: CXX_FEATURE:0cxx_return_type_deduction
    Feature record: CXX_FEATURE:0cxx_right_angle_brackets
    Feature record: CXX_FEATURE:0cxx_rvalue_references
    Feature record: CXX_FEATURE:0cxx_sizeof_member
    Feature record: CXX_FEATURE:0cxx_static_assert
    Feature record: CXX_FEATURE:0cxx_strong_enums
    Feature record: CXX_FEATURE:1cxx_template_template_parameters
    Feature record: CXX_FEATURE:0cxx_thread_local
    Feature record: CXX_FEATURE:0cxx_trailing_return_types
    Feature record: CXX_FEATURE:0cxx_unicode_literals
    Feature record: CXX_FEATURE:0cxx_uniform_initialization
    Feature record: CXX_FEATURE:0cxx_unrestricted_unions
    Feature record: CXX_FEATURE:0cxx_user_literals
    Feature record: CXX_FEATURE:0cxx_variable_templates
    Feature record: CXX_FEATURE:0cxx_variadic_macros
    Feature record: CXX_FEATURE:0cxx_variadic_templates
